{"synthetic": false,
 "schemaVersion": "2025-09-10",
 "outputs":
 {"o": ["7f5c6f123a3e6f6e.olean"],
  "m": false,
  "i": "7aa8235c7987fafa.ilean",
  "c": "5421bc1355099ddd.c"},
 "log":
 [{"message":
   ".> LEAN_PATH=/Users/scott/work/rs-mca-live-main/experimental/lean/route_d_residual/.lake/build/lib/lean /Users/scott/.elan/toolchains/leanprover--lean4---v4.31.0/bin/lean /Users/scott/work/rs-mca-live-main/experimental/lean/route_d_residual/RouteDResidual.lean -o /Users/scott/work/rs-mca-live-main/experimental/lean/route_d_residual/.lake/build/lib/lean/RouteDResidual.olean -i /Users/scott/work/rs-mca-live-main/experimental/lean/route_d_residual/.lake/build/lib/lean/RouteDResidual.ilean -c /Users/scott/work/rs-mca-live-main/experimental/lean/route_d_residual/.lake/build/ir/RouteDResidual.c --setup /Users/scott/work/rs-mca-live-main/experimental/lean/route_d_residual/.lake/build/ir/RouteDResidual.setup.json --json",
   "level": "trace"}],
 "inputs":
 [["RouteDResidual:deps",
   [["deps",
     [["route_d_residual/RouteDResidual:extraDep",
       [["@route_d_residual:extraDep", "00000000000006bb"]]],
      ["imports",
       [["RouteDResidual.ClosureBoard transitive imports (legacy)",
         "00000000000006bb"],
        ["RouteDResidual.ClosureBoard:importAllArts", "21e7aa187b8f78f2"]]]]],
    ["libs",
     [["import dynlibs", "00000000000006bb"],
      ["package external libraries", "00000000000006bb"],
      ["module dynlibs", "00000000000006bb"],
      ["module plugins", "00000000000006bb"]]]]],
  ["Lean 4.31.0, commit 68218e876d2a38b1985b8590fff244a83c321783",
   "fc45ac412f28501c"],
  ["/Users/scott/work/rs-mca-live-main/experimental/lean/route_d_residual/RouteDResidual.lean",
   "b9e1f0e3c6649dc9"],
  ["options", "00000000000006bb"],
  ["isModule: false", "feefd2a0d3a1847e"],
  ["Module.name: RouteDResidual", "29346caf74b32cc3"],
  ["Package.id?: (some route_d_residual)", "306849dd56adf1da"],
  ["Module.leanArgs: #[]", "00000000000006bb"]],
 "depHash": "12968411c5b3419c"}