{"synthetic": false,
 "schemaVersion": "2025-09-10",
 "outputs":
 {"o": ["877367591d170529.olean"],
  "m": false,
  "i": "b4924e667fd072ec.ilean",
  "c": "04866219c4a01c9a.c"},
 "log":
 [{"message":
   ".> LEAN_PATH=/Users/scott/work/rs-mca-live-main/experimental/lean/route_d_residual/.lake/build/lib/lean /Users/scott/.elan/toolchains/leanprover--lean4---v4.31.0/bin/lean /Users/scott/work/rs-mca-live-main/experimental/lean/route_d_residual/RouteDResidual/ClosureBoard.lean -o /Users/scott/work/rs-mca-live-main/experimental/lean/route_d_residual/.lake/build/lib/lean/RouteDResidual/ClosureBoard.olean -i /Users/scott/work/rs-mca-live-main/experimental/lean/route_d_residual/.lake/build/lib/lean/RouteDResidual/ClosureBoard.ilean -c /Users/scott/work/rs-mca-live-main/experimental/lean/route_d_residual/.lake/build/ir/RouteDResidual/ClosureBoard.c --setup /Users/scott/work/rs-mca-live-main/experimental/lean/route_d_residual/.lake/build/ir/RouteDResidual/ClosureBoard.setup.json --json",
   "level": "trace"}],
 "inputs":
 [["RouteDResidual.ClosureBoard:deps",
   [["deps",
     [["route_d_residual/RouteDResidual:extraDep",
       [["@route_d_residual:extraDep", "00000000000006bb"]]],
      ["imports", "00000000000006bb"]]],
    ["libs",
     [["import dynlibs", "00000000000006bb"],
      ["package external libraries", "00000000000006bb"],
      ["module dynlibs", "00000000000006bb"],
      ["module plugins", "00000000000006bb"]]]]],
  ["Lean 4.31.0, commit 68218e876d2a38b1985b8590fff244a83c321783",
   "fc45ac412f28501c"],
  ["/Users/scott/work/rs-mca-live-main/experimental/lean/route_d_residual/RouteDResidual/ClosureBoard.lean",
   "f8d3a7c620f50fe7"],
  ["options", "00000000000006bb"],
  ["isModule: false", "feefd2a0d3a1847e"],
  ["Module.name: RouteDResidual.ClosureBoard", "55fafe8a6206e12b"],
  ["Package.id?: (some route_d_residual)", "306849dd56adf1da"],
  ["Module.leanArgs: #[]", "00000000000006bb"]],
 "depHash": "f2cc4927edbeaf02"}